================================================================
Timestamp            : Thu Nov 27 20:09:30 UTC 2025
Host                 : athena-post
SLURM Job ID         : 27406
Apptainer Container  : /usr/local/apptainer/images/pytorch/latest/torch2.7-tf2.20-cu128.sif
Container Mounts     : 
GPU(s) Allocated     : 0
================================================================

--- Verifying GPU Accessibility Inside Container ---
Thu Nov 27 20:09:30 2025       
+-----------------------------------------------------------------------------------------+
| NVIDIA-SMI 570.124.06             Driver Version: 570.124.06     CUDA Version: 12.8     |
|-----------------------------------------+------------------------+----------------------+
| GPU  Name                 Persistence-M | Bus-Id          Disp.A | Volatile Uncorr. ECC |
| Fan  Temp   Perf          Pwr:Usage/Cap |           Memory-Usage | GPU-Util  Compute M. |
|                                         |                        |               MIG M. |
|=========================================+========================+======================|
|   0  NVIDIA L40S                    On  |   00000000:E5:00.0 Off |                    0 |
| N/A   26C    P8             31W /  350W |       1MiB /  46068MiB |      0%      Default |
|                                         |                        |                  N/A |
+-----------------------------------------+------------------------+----------------------+
                                                                                         
+-----------------------------------------------------------------------------------------+
| Processes:                                                                              |
|  GPU   GI   CI              PID   Type   Process name                        GPU Memory |
|        ID   ID                                                               Usage      |
|=========================================================================================|
|  No running processes found                                                             |
+-----------------------------------------------------------------------------------------+

Filesystem                                                                     Size  Used Avail Use% Mounted on
fuse-overlayfs                                                                 1.2T   40K  1.2T   1% /
devtmpfs                                                                       4.0M     0  4.0M   0% /dev
tmpfs                                                                          1.2T  588K  1.2T   1% /dev/shm
/dev/md127                                                                     893G   93G  800G  11% /etc/hosts
/dev/md0p1                                                                     7.0T  754G  6.3T  11% /scratch
tmpfs                                                                          454G  2.8M  454G   1% /run/munge/munge.socket.2
hpc-nfs2:/athena/rlocal/apptainer/profile.d/y-local.sh                         1.0T  132G  893G  13% /.singularity.d/env/y-local.sh
efivarfs                                                                       128K   51K   73K  42% /sys/firmware/efi/efivars
tmpfs                                                                          1.2T   40K  1.2T   1% /.singularity.d/libs
hpc-nfs2:/athena/rlocal/cuda-12.8/targets/x86_64-linux/lib/libOpenCL.so.1.0.0  1.0T  132G  893G  13% /.singularity.d/libs/libOpenCL.so
hpc-nfs2:/rg/shocher_prj/porat.hai/SR_IGN_Project                              2.0T   18G  2.0T   1% /rg/shocher_prj/porat.hai/SR_IGN_Project
tmpfs                                                                          1.2T   12K  1.2T   1% /proc/driver/nvidia
--- Launching Primary Command ---
Changing directory to project folder...
Current directory: /rg/shocher_prj/porat.hai/SR_IGN_Project
Listing files: README.md
SRdata
__pycache__
configurations
constants.py
data
dataset_classes
example.sbatch
loops
losses
main.py
model_weights.pth
models
optimization_builders.py
results.png
run.sh
slurm-27406.err
slurm-27406.out
utils
Starting python script...
Registers all necessary custom constructors for PyYAML:
----  Custom YAML constructor for !BlockType registered.
All constructors registered successfully.
--------------------------------------------------------------------------------
YAML configuration file read successfully.
--------------------------------------------------------------------------------
--------------------------------------------------------------------------------
Starting SR-IGN training script...
Using cuda device.
--------------------------------------------------------------------------------
Model architecture:

Autoencoder(
  (encoder): Encoder(
    (encoder): ModelBuilder(
      (model): Sequential(
        (0): DownConvReluBlock(
          (block): Sequential(
            (0): Conv2d(3, 32, kernel_size=(4, 4), stride=(2, 2), padding=(1, 1))
            (1): ReLU()
          )
        )
        (1): DownConvReluBlock(
          (block): Sequential(
            (0): Conv2d(32, 128, kernel_size=(4, 4), stride=(2, 2), padding=(1, 1))
            (1): ReLU()
          )
        )
        (2): DownConvReluBlock(
          (block): Sequential(
            (0): Conv2d(128, 256, kernel_size=(4, 4), stride=(2, 2), padding=(1, 1))
            (1): ReLU()
          )
        )
        (3): DownConvReluBlock(
          (block): Sequential(
            (0): Conv2d(256, 512, kernel_size=(4, 4), stride=(2, 2), padding=(1, 1))
            (1): ReLU()
          )
        )
      )
    )
  )
  (decoder): Decoder(
    (decoder): ModelBuilder(
      (model): Sequential(
        (0): UpConvTransposeReluBlock(
          (block): Sequential(
            (0): ConvTranspose2d(512, 256, kernel_size=(4, 4), stride=(2, 2), padding=(1, 1))
            (1): ReLU()
          )
        )
        (1): UpConvTransposeReluBlock(
          (block): Sequential(
            (0): ConvTranspose2d(256, 128, kernel_size=(4, 4), stride=(2, 2), padding=(1, 1))
            (1): ReLU()
          )
        )
        (2): UpConvTransposeReluBlock(
          (block): Sequential(
            (0): ConvTranspose2d(128, 32, kernel_size=(4, 4), stride=(2, 2), padding=(1, 1))
            (1): ReLU()
          )
        )
        (3): UpConvTransposeReluBlock(
          (block): Sequential(
            (0): ConvTranspose2d(32, 3, kernel_size=(4, 4), stride=(2, 2), padding=(1, 1))
            (1): ReLU()
          )
        )
      )
    )
  )
)
--------------------------------------------------------------------------------
--------------------------------------------------------------------------------
Builders:
----  dataloaders built successfully.

----  optimizer built successfully.

----  scheduler built successfully. is_batch_scheduler: False

----  loss functions built successfully. Train loss: SR_IGN_loss_for_train, Test loss: SR_IGN_loss_for_test
--------------------------------------------------------------------------------



-------------------------------
Epoch [1/1], Avg epoch time 0.000000 sec 
-------------------------------
loss: 7.144612  [  512/162770]------- Avg batch time: 40500 μs
loss: 4.109725  [16384/162770]------- Avg batch time: 13978 μs
loss: 1.720920  [32256/162770]------- Avg batch time: 13772 μs
loss: 1.104166  [48128/162770]------- Avg batch time: 13780 μs
loss: 0.860317  [64000/162770]------- Avg batch time: 13765 μs
loss: 0.752404  [79872/162770]------- Avg batch time: 13765 μs
loss: 0.550341  [95744/162770]------- Avg batch time: 13737 μs
loss: 0.515018  [111616/162770]------- Avg batch time: 13733 μs
loss: 0.375151  [127488/162770]------- Avg batch time: 13714 μs
loss: 0.370421  [143360/162770]------- Avg batch time: 13815 μs
loss: 0.322228  [159232/162770]------- Avg batch time: 13719 μs
Avg Test loss: 0.308425
Total time 150 sec 
-------------------------------
Done!
Weights saved successfully.
--------------------------------------------------------------------------------
Mission Complete.
