================================================================
Timestamp            : Sat Nov 29 19:53:09 UTC 2025
Host                 : athena-post
SLURM Job ID         : 28334
Apptainer Container  : /usr/local/apptainer/images/pytorch/latest/torch2.7-tf2.20-cu128.sif
Container Mounts     : 
GPU(s) Allocated     : 0
================================================================

--- Verifying GPU Accessibility Inside Container ---
Sat Nov 29 19:53:09 2025       
+-----------------------------------------------------------------------------------------+
| NVIDIA-SMI 570.124.06             Driver Version: 570.124.06     CUDA Version: 12.8     |
|-----------------------------------------+------------------------+----------------------+
| GPU  Name                 Persistence-M | Bus-Id          Disp.A | Volatile Uncorr. ECC |
| Fan  Temp   Perf          Pwr:Usage/Cap |           Memory-Usage | GPU-Util  Compute M. |
|                                         |                        |               MIG M. |
|=========================================+========================+======================|
|   0  NVIDIA L40S                    On  |   00000000:65:00.0 Off |                    0 |
| N/A   33C    P8             34W /  350W |       1MiB /  46068MiB |      0%      Default |
|                                         |                        |                  N/A |
+-----------------------------------------+------------------------+----------------------+
                                                                                         
+-----------------------------------------------------------------------------------------+
| Processes:                                                                              |
|  GPU   GI   CI              PID   Type   Process name                        GPU Memory |
|        ID   ID                                                               Usage      |
|=========================================================================================|
|  No running processes found                                                             |
+-----------------------------------------------------------------------------------------+

Filesystem                                                                     Size  Used Avail Use% Mounted on
fuse-overlayfs                                                                 1.2T   40K  1.2T   1% /
devtmpfs                                                                       4.0M     0  4.0M   0% /dev
tmpfs                                                                          1.2T  164K  1.2T   1% /dev/shm
/dev/md127                                                                     893G   93G  800G  11% /etc/hosts
/dev/md0p1                                                                     7.0T  754G  6.3T  11% /scratch
tmpfs                                                                          454G  2.8M  454G   1% /run/munge/munge.socket.2
hpc-nfs2:/athena/rlocal/apptainer/profile.d/y-local.sh                         1.0T  132G  893G  13% /.singularity.d/env/y-local.sh
efivarfs                                                                       128K   51K   73K  42% /sys/firmware/efi/efivars
tmpfs                                                                          1.2T   40K  1.2T   1% /.singularity.d/libs
hpc-nfs2:/athena/rlocal/cuda-12.8/targets/x86_64-linux/lib/libOpenCL.so.1.0.0  1.0T  132G  893G  13% /.singularity.d/libs/libOpenCL.so
hpc-nfs2:/rg/shocher_prj/porat.hai/SR_IGN_Project                              2.0T   19G  2.0T   1% /rg/shocher_prj/porat.hai/SR_IGN_Project
tmpfs                                                                          1.2T   12K  1.2T   1% /proc/driver/nvidia
--- Launching Primary Command ---
Changing directory to project folder...
Current directory: /rg/shocher_prj/porat.hai/SR_IGN_Project
Listing files: README.md
SRdata
__pycache__
configurations
constants.py
data
dataset_classes
example.sbatch
loops
losses
main.py
model_weights.pth
models
optimization_builders.py
results.png
results1.png
results2.png
results3.png
results4.png
results5.png
run.sh
slurm-28334.err
slurm-28334.out
tmp_artifact_files
utils
wandb
Starting python script...


--------------------------------------------------------------------------------
Registers all necessary custom constructors for PyYAML:
----  Custom YAML constructor for !BlockType registered.
All constructors registered successfully.
--------------------------------------------------------------------------------
YAML configuration file read successfully.
--------------------------------------------------------------------------------


--------------------------------------------------------------------------------
Starting SR-IGN training script...
Using cuda device.
--------------------------------------------------------------------------------


--------------------------------------------------------------------------------
--------------------------------------------------------------------------------


--------------------------------------------------------------------------------
Model architecture:

Autoencoder(
  (encoder): Encoder(
    (encoder): ModelBuilder(
      (model): Sequential(
        (0): DownStrideConvBlock(
          (block): Sequential(
            (0): Conv2d(3, 32, kernel_size=(4, 4), stride=(2, 2), padding=(1, 1))
            (1): ReLU()
          )
        )
        (1): DownStrideConvBlock(
          (block): Sequential(
            (0): Conv2d(32, 128, kernel_size=(4, 4), stride=(2, 2), padding=(1, 1))
            (1): ReLU()
          )
        )
        (2): DownStrideConvBlock(
          (block): Sequential(
            (0): Conv2d(128, 256, kernel_size=(4, 4), stride=(2, 2), padding=(1, 1))
            (1): ReLU()
          )
        )
        (3): DownStrideConvBlock(
          (block): Sequential(
            (0): Conv2d(256, 512, kernel_size=(4, 4), stride=(2, 2), padding=(1, 1))
            (1): ReLU()
          )
        )
      )
    )
  )
  (decoder): Decoder(
    (decoder): ModelBuilder(
      (model): Sequential(
        (0): UpStrideConvTransposeBlock(
          (block): Sequential(
            (0): ConvTranspose2d(512, 256, kernel_size=(4, 4), stride=(2, 2), padding=(1, 1))
            (1): ReLU()
          )
        )
        (1): UpStrideConvTransposeBlock(
          (block): Sequential(
            (0): ConvTranspose2d(256, 128, kernel_size=(4, 4), stride=(2, 2), padding=(1, 1))
            (1): ReLU()
          )
        )
        (2): UpStrideConvTransposeBlock(
          (block): Sequential(
            (0): ConvTranspose2d(128, 32, kernel_size=(4, 4), stride=(2, 2), padding=(1, 1))
            (1): ReLU()
          )
        )
        (3): UpStrideConvTransposeBlock(
          (block): Sequential(
            (0): ConvTranspose2d(32, 3, kernel_size=(4, 4), stride=(2, 2), padding=(1, 1))
            (1): Tanh()
          )
        )
      )
    )
  )
)
--------------------------------------------------------------------------------


--------------------------------------------------------------------------------
Builders:
----  dataloaders built successfully.

----  optimizer built successfully.

----  scheduler built successfully. is_batch_scheduler: False

----  loss functions built successfully. Train loss: SR_IGN_loss_for_train, Test loss: SR_IGN_loss_for_test
--------------------------------------------------------------------------------



-------------------------------
Epoch [1/100], Avg epoch time 0.000000 sec 
-------------------------------
loss: 7.958330  [  512/162770]------- Avg batch time: 39581 μs
loss: 1.132130  [16384/162770]------- Avg batch time: 14866 μs
loss: 0.689584  [32256/162770]------- Avg batch time: 14774 μs
loss: 0.675630  [48128/162770]------- Avg batch time: 14860 μs
loss: 0.450445  [64000/162770]------- Avg batch time: 14840 μs
loss: 0.394039  [79872/162770]------- Avg batch time: 14789 μs
loss: 0.323835  [95744/162770]------- Avg batch time: 14844 μs
loss: 0.311528  [111616/162770]------- Avg batch time: 15037 μs
loss: 0.270601  [127488/162770]------- Avg batch time: 14880 μs
loss: 0.338492  [143360/162770]------- Avg batch time: 14918 μs
loss: 0.249487  [159232/162770]------- Avg batch time: 14913 μs
Avg Validation loss: 0.242671| Avg PSNR: 21.344836 dB | Avg SSIM: 0.596074

-------------------------------
Epoch [2/100], Avg epoch time 163.974248 sec 
-------------------------------
loss: 0.243706  [  512/162770]------- Avg batch time: 485 μs
loss: 0.288705  [16384/162770]------- Avg batch time: 15168 μs
loss: 0.220379  [32256/162770]------- Avg batch time: 15181 μs
loss: 0.212958  [48128/162770]------- Avg batch time: 15079 μs
loss: 0.223713  [64000/162770]------- Avg batch time: 14635 μs
loss: 0.191569  [79872/162770]------- Avg batch time: 14343 μs
loss: 0.186270  [95744/162770]------- Avg batch time: 14883 μs
loss: 0.196612  [111616/162770]------- Avg batch time: 15172 μs
loss: 0.159605  [127488/162770]------- Avg batch time: 14958 μs
loss: 0.159900  [143360/162770]------- Avg batch time: 15145 μs
loss: 0.176979  [159232/162770]------- Avg batch time: 15155 μs
Avg Validation loss: 0.156459| Avg PSNR: 23.296557 dB | Avg SSIM: 0.700678

-------------------------------
Epoch [3/100], Avg epoch time 165.786172 sec 
-------------------------------
loss: 0.156233  [  512/162770]------- Avg batch time: 482 μs
loss: 0.165521  [16384/162770]------- Avg batch time: 15166 μs
loss: 0.161286  [32256/162770]------- Avg batch time: 15111 μs
loss: 0.148435  [48128/162770]------- Avg batch time: 14892 μs
loss: 0.140567  [64000/162770]------- Avg batch time: 15004 μs
loss: 0.138959  [79872/162770]------- Avg batch time: 15234 μs
loss: 0.139115  [95744/162770]------- Avg batch time: 15017 μs
loss: 0.145206  [111616/162770]------- Avg batch time: 15245 μs
loss: 0.131295  [127488/162770]------- Avg batch time: 15169 μs
loss: 0.128808  [143360/162770]------- Avg batch time: 15201 μs
loss: 0.143201  [159232/162770]------- Avg batch time: 15135 μs
Avg Validation loss: 0.128365| Avg PSNR: 24.170395 dB | Avg SSIM: 0.742505

-------------------------------
Epoch [4/100], Avg epoch time 159.943040 sec 
-------------------------------
loss: 0.126042  [  512/162770]------- Avg batch time: 483 μs
loss: 0.128112  [16384/162770]------- Avg batch time: 15045 μs
loss: 0.123102  [32256/162770]------- Avg batch time: 15057 μs
loss: 0.126544  [48128/162770]------- Avg batch time: 15173 μs
loss: 0.145195  [64000/162770]------- Avg batch time: 15343 μs
loss: 0.116247  [79872/162770]------- Avg batch time: 15242 μs
loss: 0.120264  [95744/162770]------- Avg batch time: 15104 μs
loss: 0.114355  [111616/162770]------- Avg batch time: 15007 μs
loss: 0.105158  [127488/162770]------- Avg batch time: 14893 μs
loss: 0.126431  [143360/162770]------- Avg batch time: 14929 μs
loss: 0.106841  [159232/162770]------- Avg batch time: 15264 μs
Avg Validation loss: 0.105397| Avg PSNR: 25.035615 dB | Avg SSIM: 0.776740

-------------------------------
Epoch [5/100], Avg epoch time 157.897434 sec 
-------------------------------
loss: 0.108451  [  512/162770]------- Avg batch time: 482 μs
loss: 0.113510  [16384/162770]------- Avg batch time: 15032 μs
loss: 0.104783  [32256/162770]------- Avg batch time: 15092 μs
loss: 0.114431  [48128/162770]------- Avg batch time: 15037 μs
loss: 0.105278  [64000/162770]------- Avg batch time: 15218 μs
loss: 0.111229  [79872/162770]------- Avg batch time: 15187 μs
loss: 0.101498  [95744/162770]------- Avg batch time: 14930 μs
loss: 0.090919  [111616/162770]------- Avg batch time: 15032 μs
loss: 0.093495  [127488/162770]------- Avg batch time: 14877 μs
loss: 0.097513  [143360/162770]------- Avg batch time: 14868 μs
loss: 0.086537  [159232/162770]------- Avg batch time: 14965 μs
Avg Validation loss: 0.089347| Avg PSNR: 25.753838 dB | Avg SSIM: 0.802314

-------------------------------
Epoch [6/100], Avg epoch time 155.019914 sec 
-------------------------------
loss: 0.089659  [  512/162770]------- Avg batch time: 483 μs
loss: 0.097280  [16384/162770]------- Avg batch time: 15162 μs
loss: 0.140292  [32256/162770]------- Avg batch time: 15153 μs
loss: 0.091855  [48128/162770]------- Avg batch time: 15096 μs
loss: 0.092504  [64000/162770]------- Avg batch time: 15155 μs
loss: 0.090456  [79872/162770]------- Avg batch time: 15113 μs
loss: 0.100328  [95744/162770]------- Avg batch time: 14971 μs
loss: 0.084199  [111616/162770]------- Avg batch time: 15183 μs
loss: 0.082849  [127488/162770]------- Avg batch time: 15229 μs
loss: 0.086859  [143360/162770]------- Avg batch time: 15044 μs
loss: 0.089417  [159232/162770]------- Avg batch time: 15312 μs
Avg Validation loss: 0.083327| Avg PSNR: 26.069758 dB | Avg SSIM: 0.816472

-------------------------------
Epoch [7/100], Avg epoch time 153.367123 sec 
-------------------------------
loss: 0.084539  [  512/162770]------- Avg batch time: 484 μs
loss: 0.080691  [16384/162770]------- Avg batch time: 15094 μs
loss: 0.090624  [32256/162770]------- Avg batch time: 15016 μs
loss: 0.101512  [48128/162770]------- Avg batch time: 15218 μs
loss: 0.097127  [64000/162770]------- Avg batch time: 15090 μs
loss: 0.075941  [79872/162770]------- Avg batch time: 14879 μs
loss: 0.077984  [95744/162770]------- Avg batch time: 15065 μs
loss: 0.098228  [111616/162770]------- Avg batch time: 15204 μs
loss: 0.083623  [127488/162770]------- Avg batch time: 14913 μs
loss: 0.091875  [143360/162770]------- Avg batch time: 14873 μs
loss: 0.082221  [159232/162770]------- Avg batch time: 14990 μs
Avg Validation loss: 0.077356| Avg PSNR: 26.410448 dB | Avg SSIM: 0.828024

-------------------------------
Epoch [8/100], Avg epoch time 154.265420 sec 
-------------------------------
loss: 0.077917  [  512/162770]------- Avg batch time: 444 μs
loss: 0.098077  [16384/162770]------- Avg batch time: 13870 μs
loss: 0.076450  [32256/162770]------- Avg batch time: 13837 μs
loss: 0.072526  [48128/162770]------- Avg batch time: 14566 μs
loss: 0.076401  [64000/162770]------- Avg batch time: 15075 μs
loss: 0.080298  [79872/162770]------- Avg batch time: 15003 μs
loss: 0.080316  [95744/162770]------- Avg batch time: 14796 μs
loss: 0.075242  [111616/162770]------- Avg batch time: 13990 μs
loss: 0.090572  [127488/162770]------- Avg batch time: 14833 μs
loss: 0.085627  [143360/162770]------- Avg batch time: 15029 μs
loss: 0.076237  [159232/162770]------- Avg batch time: 15160 μs
Avg Validation loss: 0.069656| Avg PSNR: 26.881287 dB | Avg SSIM: 0.841651

-------------------------------
Epoch [9/100], Avg epoch time 155.652931 sec 
-------------------------------
loss: 0.072014  [  512/162770]------- Avg batch time: 487 μs
loss: 0.072698  [16384/162770]------- Avg batch time: 15033 μs
loss: 0.069290  [32256/162770]------- Avg batch time: 15123 μs
loss: 0.083465  [48128/162770]------- Avg batch time: 15039 μs
loss: 0.084426  [64000/162770]------- Avg batch time: 15052 μs
loss: 0.070763  [79872/162770]------- Avg batch time: 15224 μs
loss: 0.081374  [95744/162770]------- Avg batch time: 14928 μs
loss: 0.072504  [111616/162770]------- Avg batch time: 14964 μs
loss: 0.090902  [127488/162770]------- Avg batch time: 15116 μs
loss: 0.080115  [143360/162770]------- Avg batch time: 14972 μs
loss: 0.070273  [159232/162770]------- Avg batch time: 14886 μs
Avg Validation loss: 0.067567| Avg PSNR: 27.058999 dB | Avg SSIM: 0.846291

-------------------------------
Epoch [10/100], Avg epoch time 155.519046 sec 
-------------------------------
loss: 0.070361  [  512/162770]------- Avg batch time: 483 μs
loss: 0.065187  [16384/162770]------- Avg batch time: 14834 μs
loss: 0.066573  [32256/162770]------- Avg batch time: 15021 μs
loss: 0.063558  [48128/162770]------- Avg batch time: 15219 μs
loss: 0.069123  [64000/162770]------- Avg batch time: 14888 μs
loss: 0.065722  [79872/162770]------- Avg batch time: 14958 μs
loss: 0.076567  [95744/162770]------- Avg batch time: 15024 μs
loss: 0.061962  [111616/162770]------- Avg batch time: 14966 μs
loss: 0.065090  [127488/162770]------- Avg batch time: 15092 μs
loss: 0.107074  [143360/162770]------- Avg batch time: 14903 μs
loss: 0.077627  [159232/162770]------- Avg batch time: 15137 μs
Avg Validation loss: 0.076441| Avg PSNR: 26.498934 dB | Avg SSIM: 0.839867

-------------------------------
Epoch [11/100], Avg epoch time 154.218726 sec 
-------------------------------
loss: 0.076153  [  512/162770]------- Avg batch time: 489 μs
loss: 0.064032  [16384/162770]------- Avg batch time: 15029 μs
loss: 0.076136  [32256/162770]------- Avg batch time: 14894 μs
loss: 0.061144  [48128/162770]------- Avg batch time: 14852 μs
loss: 0.063080  [64000/162770]------- Avg batch time: 14794 μs
loss: 0.059412  [79872/162770]------- Avg batch time: 14968 μs
loss: 0.074423  [95744/162770]------- Avg batch time: 14640 μs
loss: 0.058650  [111616/162770]------- Avg batch time: 13930 μs
loss: 0.058602  [127488/162770]------- Avg batch time: 14266 μs
loss: 0.063938  [143360/162770]------- Avg batch time: 14103 μs
loss: 0.068625  [159232/162770]------- Avg batch time: 14307 μs
Avg Validation loss: 0.064405| Avg PSNR: 27.213409 dB | Avg SSIM: 0.855833

-------------------------------
Epoch [12/100], Avg epoch time 153.470357 sec 
-------------------------------
loss: 0.064540  [  512/162770]------- Avg batch time: 480 μs
loss: 0.059671  [16384/162770]------- Avg batch time: 15308 μs
loss: 0.078334  [32256/162770]------- Avg batch time: 15247 μs
loss: 0.060607  [48128/162770]------- Avg batch time: 15033 μs
loss: 0.059074  [64000/162770]------- Avg batch time: 15110 μs
loss: 0.101361  [79872/162770]------- Avg batch time: 15056 μs
loss: 0.067722  [95744/162770]------- Avg batch time: 15160 μs
loss: 0.066844  [111616/162770]------- Avg batch time: 15095 μs
loss: 0.071292  [127488/162770]------- Avg batch time: 15178 μs
loss: 0.088234  [143360/162770]------- Avg batch time: 15064 μs
loss: 0.057944  [159232/162770]------- Avg batch time: 15068 μs
Avg Validation loss: 0.056846| Avg PSNR: 27.783530 dB | Avg SSIM: 0.868297

-------------------------------
Epoch [13/100], Avg epoch time 152.839278 sec 
-------------------------------
loss: 0.056566  [  512/162770]------- Avg batch time: 481 μs
loss: 0.064844  [16384/162770]------- Avg batch time: 14888 μs
loss: 0.074606  [32256/162770]------- Avg batch time: 14990 μs
loss: 0.070695  [48128/162770]------- Avg batch time: 14979 μs
loss: 0.056882  [64000/162770]------- Avg batch time: 15071 μs
loss: 0.058483  [79872/162770]------- Avg batch time: 15137 μs
loss: 0.082417  [95744/162770]------- Avg batch time: 15240 μs
loss: 0.062699  [111616/162770]------- Avg batch time: 14944 μs
loss: 0.053763  [127488/162770]------- Avg batch time: 14939 μs
loss: 0.053743  [143360/162770]------- Avg batch time: 15034 μs
loss: 0.053697  [159232/162770]------- Avg batch time: 15423 μs
Avg Validation loss: 0.078923| Avg PSNR: 26.361965 dB | Avg SSIM: 0.855952

-------------------------------
Epoch [14/100], Avg epoch time 152.137151 sec 
-------------------------------
loss: 0.078218  [  512/162770]------- Avg batch time: 487 μs
loss: 0.097224  [16384/162770]------- Avg batch time: 15022 μs
loss: 0.068900  [32256/162770]------- Avg batch time: 14971 μs
loss: 0.058036  [48128/162770]------- Avg batch time: 15108 μs
loss: 0.056942  [64000/162770]------- Avg batch time: 15011 μs
loss: 0.062118  [79872/162770]------- Avg batch time: 15014 μs
loss: 0.059846  [95744/162770]------- Avg batch time: 15157 μs
loss: 0.086583  [111616/162770]------- Avg batch time: 14952 μs
loss: 0.052304  [127488/162770]------- Avg batch time: 14915 μs
loss: 0.054265  [143360/162770]------- Avg batch time: 15231 μs
loss: 0.053320  [159232/162770]------- Avg batch time: 14925 μs
Avg Validation loss: 0.056934| Avg PSNR: 27.790480 dB | Avg SSIM: 0.868122

-------------------------------
Epoch [15/100], Avg epoch time 151.938076 sec 
-------------------------------
loss: 0.058099  [  512/162770]------- Avg batch time: 446 μs
loss: 0.087365  [16384/162770]------- Avg batch time: 14721 μs
loss: 0.060531  [32256/162770]------- Avg batch time: 15087 μs
loss: 0.068677  [48128/162770]------- Avg batch time: 14685 μs
loss: 0.108700  [64000/162770]------- Avg batch time: 14013 μs
loss: 0.054621  [79872/162770]------- Avg batch time: 14122 μs
loss: 0.050892  [95744/162770]------- Avg batch time: 15002 μs
loss: 0.070479  [111616/162770]------- Avg batch time: 15007 μs
loss: 0.054279  [127488/162770]------- Avg batch time: 15292 μs
loss: 0.051688  [143360/162770]------- Avg batch time: 15158 μs
loss: 0.071579  [159232/162770]------- Avg batch time: 14836 μs
Avg Validation loss: 0.057492| Avg PSNR: 27.738983 dB | Avg SSIM: 0.867796

-------------------------------
Epoch [16/100], Avg epoch time 151.342306 sec 
-------------------------------
loss: 0.058099  [  512/162770]------- Avg batch time: 487 μs
loss: 0.060280  [16384/162770]------- Avg batch time: 14864 μs
loss: 0.053616  [32256/162770]------- Avg batch time: 15001 μs
loss: 0.052478  [48128/162770]------- Avg batch time: 15168 μs
loss: 0.052920  [64000/162770]------- Avg batch time: 15137 μs
loss: 0.049495  [79872/162770]------- Avg batch time: 15017 μs
loss: 0.050739  [95744/162770]------- Avg batch time: 14935 μs
loss: 0.082048  [111616/162770]------- Avg batch time: 15189 μs
loss: 0.052707  [127488/162770]------- Avg batch time: 15012 μs
loss: 0.057863  [143360/162770]------- Avg batch time: 15047 μs
loss: 0.050434  [159232/162770]------- Avg batch time: 14975 μs
Avg Validation loss: 0.050291| Avg PSNR: 28.335715 dB | Avg SSIM: 0.883482

-------------------------------
Epoch [17/100], Avg epoch time 150.874266 sec 
-------------------------------
loss: 0.050407  [  512/162770]------- Avg batch time: 488 μs
loss: 0.050384  [16384/162770]------- Avg batch time: 14873 μs
loss: 0.056738  [32256/162770]------- Avg batch time: 14992 μs
loss: 0.052747  [48128/162770]------- Avg batch time: 15085 μs
loss: 0.048483  [64000/162770]------- Avg batch time: 15105 μs
loss: 0.054743  [79872/162770]------- Avg batch time: 15074 μs
loss: 0.059334  [95744/162770]------- Avg batch time: 15050 μs
loss: 0.053665  [111616/162770]------- Avg batch time: 14925 μs
loss: 0.051157  [127488/162770]------- Avg batch time: 14993 μs
loss: 0.054533  [143360/162770]------- Avg batch time: 15024 μs
loss: 0.050584  [159232/162770]------- Avg batch time: 15020 μs
Avg Validation loss: 0.048287| Avg PSNR: 28.495186 dB | Avg SSIM: 0.885982

-------------------------------
Epoch [18/100], Avg epoch time 150.838485 sec 
-------------------------------
loss: 0.048335  [  512/162770]------- Avg batch time: 485 μs
loss: 0.048914  [16384/162770]------- Avg batch time: 15095 μs
loss: 0.051517  [32256/162770]------- Avg batch time: 14817 μs
loss: 0.054424  [48128/162770]------- Avg batch time: 15159 μs
loss: 0.057405  [64000/162770]------- Avg batch time: 15254 μs
loss: 0.048651  [79872/162770]------- Avg batch time: 15137 μs
loss: 0.049960  [95744/162770]------- Avg batch time: 14906 μs
loss: 0.052274  [111616/162770]------- Avg batch time: 14846 μs
loss: 0.046618  [127488/162770]------- Avg batch time: 15123 μs
loss: 0.056157  [143360/162770]------- Avg batch time: 14876 μs
loss: 0.051619  [159232/162770]------- Avg batch time: 14958 μs
Avg Validation loss: 0.047664| Avg PSNR: 28.593426 dB | Avg SSIM: 0.887935

-------------------------------
Epoch [19/100], Avg epoch time 150.916937 sec 
-------------------------------
loss: 0.048062  [  512/162770]------- Avg batch time: 442 μs
loss: 0.065906  [16384/162770]------- Avg batch time: 14130 μs
loss: 0.051276  [32256/162770]------- Avg batch time: 15027 μs
loss: 0.049007  [48128/162770]------- Avg batch time: 15151 μs
loss: 0.047192  [64000/162770]------- Avg batch time: 14822 μs
loss: 0.048791  [79872/162770]------- Avg batch time: 14937 μs
loss: 0.049346  [95744/162770]------- Avg batch time: 15269 μs
loss: 0.054300  [111616/162770]------- Avg batch time: 15132 μs
loss: 0.055801  [127488/162770]------- Avg batch time: 15166 μs
loss: 0.064859  [143360/162770]------- Avg batch time: 15074 μs
loss: 0.045396  [159232/162770]------- Avg batch time: 15315 μs
Avg Validation loss: 0.046404| Avg PSNR: 28.701976 dB | Avg SSIM: 0.891658

-------------------------------
Epoch [20/100], Avg epoch time 151.146636 sec 
-------------------------------
loss: 0.045353  [  512/162770]------- Avg batch time: 488 μs
loss: 0.051636  [16384/162770]------- Avg batch time: 15068 μs
loss: 0.043994  [32256/162770]------- Avg batch time: 15067 μs
loss: 0.048536  [48128/162770]------- Avg batch time: 15016 μs
loss: 0.073876  [64000/162770]------- Avg batch time: 14598 μs
loss: 0.049544  [79872/162770]------- Avg batch time: 14981 μs
loss: 0.050146  [95744/162770]------- Avg batch time: 15041 μs
loss: 0.046654  [111616/162770]------- Avg batch time: 14925 μs
loss: 0.045158  [127488/162770]------- Avg batch time: 15096 μs
loss: 0.048374  [143360/162770]------- Avg batch time: 15086 μs
loss: 0.045948  [159232/162770]------- Avg batch time: 15223 μs
Avg Validation loss: 0.044892| Avg PSNR: 28.841897 dB | Avg SSIM: 0.895630

-------------------------------
Epoch [21/100], Avg epoch time 151.293960 sec 
-------------------------------
loss: 0.043333  [  512/162770]------- Avg batch time: 485 μs
loss: 0.044685  [16384/162770]------- Avg batch time: 15099 μs
loss: 0.045660  [32256/162770]------- Avg batch time: 14922 μs
loss: 0.046354  [48128/162770]------- Avg batch time: 15148 μs
loss: 0.044589  [64000/162770]------- Avg batch time: 15045 μs
loss: 0.065387  [79872/162770]------- Avg batch time: 15220 μs
loss: 0.045390  [95744/162770]------- Avg batch time: 15051 μs
loss: 0.048686  [111616/162770]------- Avg batch time: 15022 μs
loss: 0.048122  [127488/162770]------- Avg batch time: 15123 μs
loss: 0.084392  [143360/162770]------- Avg batch time: 15169 μs
loss: 0.046186  [159232/162770]------- Avg batch time: 15045 μs
Avg Validation loss: 0.044274| Avg PSNR: 28.891434 dB | Avg SSIM: 0.895907

-------------------------------
Epoch [22/100], Avg epoch time 151.052973 sec 
-------------------------------
loss: 0.044861  [  512/162770]------- Avg batch time: 485 μs
loss: 0.065821  [16384/162770]------- Avg batch time: 15192 μs
loss: 0.045116  [32256/162770]------- Avg batch time: 15057 μs
loss: 0.046327  [48128/162770]------- Avg batch time: 15000 μs
loss: 0.043751  [64000/162770]------- Avg batch time: 15163 μs
loss: 0.051140  [79872/162770]------- Avg batch time: 15159 μs
loss: 0.047459  [95744/162770]------- Avg batch time: 15026 μs
loss: 0.045450  [111616/162770]------- Avg batch time: 15132 μs
loss: 0.043869  [127488/162770]------- Avg batch time: 15062 μs
loss: 0.048034  [143360/162770]------- Avg batch time: 14439 μs
loss: 0.043492  [159232/162770]------- Avg batch time: 13921 μs
Avg Validation loss: 0.053638| Avg PSNR: 28.099495 dB | Avg SSIM: 0.884634

-------------------------------
Epoch [23/100], Avg epoch time 150.666707 sec 
-------------------------------
loss: 0.053187  [  512/162770]------- Avg batch time: 487 μs
loss: 0.052962  [16384/162770]------- Avg batch time: 14946 μs
loss: 0.050543  [32256/162770]------- Avg batch time: 15195 μs
loss: 0.044930  [48128/162770]------- Avg batch time: 14913 μs
loss: 0.042390  [64000/162770]------- Avg batch time: 15152 μs
loss: 0.056210  [79872/162770]------- Avg batch time: 15191 μs
loss: 0.045474  [95744/162770]------- Avg batch time: 15064 μs
loss: 0.045632  [111616/162770]------- Avg batch time: 15031 μs
loss: 0.043666  [127488/162770]------- Avg batch time: 15145 μs
loss: 0.042795  [143360/162770]------- Avg batch time: 15027 μs
loss: 0.048536  [159232/162770]------- Avg batch time: 14937 μs
Avg Validation loss: 0.133462| Avg PSNR: 24.352628 dB | Avg SSIM: 0.847842

-------------------------------
Epoch [24/100], Avg epoch time 150.554476 sec 
-------------------------------
loss: 0.132944  [  512/162770]------- Avg batch time: 485 μs
loss: 0.043450  [16384/162770]------- Avg batch time: 14355 μs
loss: 0.047296  [32256/162770]------- Avg batch time: 14414 μs
loss: 0.048508  [48128/162770]------- Avg batch time: 14270 μs
loss: 0.044769  [64000/162770]------- Avg batch time: 14583 μs
loss: 0.041869  [79872/162770]------- Avg batch time: 15047 μs
loss: 0.045166  [95744/162770]------- Avg batch time: 15015 μs
loss: 0.050373  [111616/162770]------- Avg batch time: 15013 μs
loss: 0.043950  [127488/162770]------- Avg batch time: 15054 μs
loss: 0.042512  [143360/162770]------- Avg batch time: 15026 μs
loss: 0.044951  [159232/162770]------- Avg batch time: 15289 μs
Avg Validation loss: 0.047055| Avg PSNR: 28.661730 dB | Avg SSIM: 0.894281

-------------------------------
Epoch [25/100], Avg epoch time 150.311153 sec 
-------------------------------
loss: 0.047391  [  512/162770]------- Avg batch time: 486 μs
loss: 0.046702  [16384/162770]------- Avg batch time: 14974 μs
loss: 0.038995  [32256/162770]------- Avg batch time: 15212 μs
loss: 0.045246  [48128/162770]------- Avg batch time: 15147 μs
loss: 0.049567  [64000/162770]------- Avg batch time: 14941 μs
loss: 0.042623  [79872/162770]------- Avg batch time: 15216 μs
loss: 0.041889  [95744/162770]------- Avg batch time: 15355 μs
loss: 0.044163  [111616/162770]------- Avg batch time: 14582 μs
loss: 0.042179  [127488/162770]------- Avg batch time: 14933 μs
loss: 0.050200  [143360/162770]------- Avg batch time: 14891 μs
loss: 0.044005  [159232/162770]------- Avg batch time: 15178 μs
Avg Validation loss: 0.042109| Avg PSNR: 29.124849 dB | Avg SSIM: 0.902203

-------------------------------
Epoch [26/100], Avg epoch time 150.500320 sec 
-------------------------------
loss: 0.041902  [  512/162770]------- Avg batch time: 487 μs
loss: 0.046410  [16384/162770]------- Avg batch time: 14944 μs
loss: 0.049423  [32256/162770]------- Avg batch time: 15214 μs
loss: 0.040346  [48128/162770]------- Avg batch time: 15182 μs
loss: 0.041929  [64000/162770]------- Avg batch time: 15054 μs
loss: 0.044281  [79872/162770]------- Avg batch time: 15172 μs
loss: 0.043815  [95744/162770]------- Avg batch time: 15095 μs
loss: 0.040283  [111616/162770]------- Avg batch time: 15252 μs
loss: 0.060969  [127488/162770]------- Avg batch time: 15290 μs
loss: 0.044974  [143360/162770]------- Avg batch time: 15168 μs
loss: 0.044874  [159232/162770]------- Avg batch time: 15012 μs
Avg Validation loss: 0.039669| Avg PSNR: 29.406426 dB | Avg SSIM: 0.906107

-------------------------------
Epoch [27/100], Avg epoch time 151.788438 sec 
-------------------------------
loss: 0.038827  [  512/162770]------- Avg batch time: 505 μs
loss: 0.039477  [16384/162770]------- Avg batch time: 15116 μs
loss: 0.046772  [32256/162770]------- Avg batch time: 15287 μs
loss: 0.038840  [48128/162770]------- Avg batch time: 15001 μs
loss: 0.041190  [64000/162770]------- Avg batch time: 15093 μs
loss: 0.040841  [79872/162770]------- Avg batch time: 15016 μs
loss: 0.037831  [95744/162770]------- Avg batch time: 14983 μs
loss: 0.043331  [111616/162770]------- Avg batch time: 15098 μs
loss: 0.040464  [127488/162770]------- Avg batch time: 15136 μs
loss: 0.041246  [143360/162770]------- Avg batch time: 15064 μs
loss: 0.045815  [159232/162770]------- Avg batch time: 15088 μs
Avg Validation loss: 0.040817| Avg PSNR: 29.305623 dB | Avg SSIM: 0.905324

-------------------------------
Epoch [28/100], Avg epoch time 152.774612 sec 
-------------------------------
loss: 0.040241  [  512/162770]------- Avg batch time: 449 μs
loss: 0.039854  [16384/162770]------- Avg batch time: 14265 μs
loss: 0.042144  [32256/162770]------- Avg batch time: 15007 μs
loss: 0.039219  [48128/162770]------- Avg batch time: 15049 μs
loss: 0.048449  [64000/162770]------- Avg batch time: 15000 μs
loss: 0.040280  [79872/162770]------- Avg batch time: 14114 μs
loss: 0.038499  [95744/162770]------- Avg batch time: 14478 μs
loss: 0.041938  [111616/162770]------- Avg batch time: 14205 μs
loss: 0.042848  [127488/162770]------- Avg batch time: 14892 μs
loss: 0.041903  [143360/162770]------- Avg batch time: 14894 μs
loss: 0.042443  [159232/162770]------- Avg batch time: 14924 μs
Avg Validation loss: 0.041410| Avg PSNR: 29.226430 dB | Avg SSIM: 0.904527

-------------------------------
Epoch [29/100], Avg epoch time 153.429939 sec 
-------------------------------
loss: 0.040794  [  512/162770]------- Avg batch time: 482 μs
loss: 0.037951  [16384/162770]------- Avg batch time: 15044 μs
loss: 0.040446  [32256/162770]------- Avg batch time: 15113 μs
loss: 0.038859  [48128/162770]------- Avg batch time: 15322 μs
loss: 0.042751  [64000/162770]------- Avg batch time: 15047 μs
loss: 0.038859  [79872/162770]------- Avg batch time: 15051 μs
loss: 0.053905  [95744/162770]------- Avg batch time: 14959 μs
loss: 0.037180  [111616/162770]------- Avg batch time: 14467 μs
loss: 0.040394  [127488/162770]------- Avg batch time: 14055 μs
loss: 0.045820  [143360/162770]------- Avg batch time: 14841 μs
loss: 0.038213  [159232/162770]------- Avg batch time: 14328 μs
Avg Validation loss: 0.040832| Avg PSNR: 29.315479 dB | Avg SSIM: 0.905807

-------------------------------
Epoch [30/100], Avg epoch time 154.353156 sec 
-------------------------------
loss: 0.040449  [  512/162770]------- Avg batch time: 445 μs
loss: 0.039976  [16384/162770]------- Avg batch time: 14058 μs
loss: 0.041746  [32256/162770]------- Avg batch time: 14084 μs
loss: 0.040361  [48128/162770]------- Avg batch time: 14180 μs
loss: 0.042478  [64000/162770]------- Avg batch time: 14246 μs
loss: 0.038070  [79872/162770]------- Avg batch time: 14758 μs
loss: 0.068114  [95744/162770]------- Avg batch time: 15273 μs
loss: 0.040879  [111616/162770]------- Avg batch time: 14964 μs
loss: 0.060442  [127488/162770]------- Avg batch time: 15097 μs
loss: 0.039614  [143360/162770]------- Avg batch time: 15240 μs
loss: 0.038194  [159232/162770]------- Avg batch time: 15098 μs
Avg Validation loss: 0.041476| Avg PSNR: 29.227089 dB | Avg SSIM: 0.906543

-------------------------------
Epoch [31/100], Avg epoch time 155.152656 sec 
-------------------------------
loss: 0.041842  [  512/162770]------- Avg batch time: 485 μs
loss: 0.039129  [16384/162770]------- Avg batch time: 14800 μs
loss: 0.038688  [32256/162770]------- Avg batch time: 15158 μs
loss: 0.038709  [48128/162770]------- Avg batch time: 15071 μs
loss: 0.038167  [64000/162770]------- Avg batch time: 15115 μs
loss: 0.038423  [79872/162770]------- Avg batch time: 15061 μs
loss: 0.040053  [95744/162770]------- Avg batch time: 14939 μs
loss: 0.040712  [111616/162770]------- Avg batch time: 15125 μs
loss: 0.037631  [127488/162770]------- Avg batch time: 15133 μs
loss: 0.052311  [143360/162770]------- Avg batch time: 15141 μs
loss: 0.043653  [159232/162770]------- Avg batch time: 14848 μs
Avg Validation loss: 0.038410| Avg PSNR: 29.543631 dB | Avg SSIM: 0.909508

-------------------------------
Epoch [32/100], Avg epoch time 155.609031 sec 
-------------------------------
loss: 0.039124  [  512/162770]------- Avg batch time: 491 μs
loss: 0.039490  [16384/162770]------- Avg batch time: 15059 μs
loss: 0.043649  [32256/162770]------- Avg batch time: 15064 μs
loss: 0.045494  [48128/162770]------- Avg batch time: 14995 μs
loss: 0.046695  [64000/162770]------- Avg batch time: 14858 μs
loss: 0.036453  [79872/162770]------- Avg batch time: 14891 μs
loss: 0.038712  [95744/162770]------- Avg batch time: 15032 μs
loss: 0.037626  [111616/162770]------- Avg batch time: 15145 μs
loss: 0.044090  [127488/162770]------- Avg batch time: 14883 μs
loss: 0.035481  [143360/162770]------- Avg batch time: 14906 μs
loss: 0.038477  [159232/162770]------- Avg batch time: 15194 μs
Avg Validation loss: 0.036497| Avg PSNR: 29.762879 dB | Avg SSIM: 0.912017

-------------------------------
Epoch [33/100], Avg epoch time 155.842667 sec 
-------------------------------
loss: 0.035139  [  512/162770]------- Avg batch time: 489 μs
loss: 0.036554  [16384/162770]------- Avg batch time: 15121 μs
loss: 0.033703  [32256/162770]------- Avg batch time: 15167 μs
loss: 0.036591  [48128/162770]------- Avg batch time: 15021 μs
loss: 0.039253  [64000/162770]------- Avg batch time: 15200 μs
loss: 0.039443  [79872/162770]------- Avg batch time: 15181 μs
loss: 0.035461  [95744/162770]------- Avg batch time: 15178 μs
loss: 0.051907  [111616/162770]------- Avg batch time: 15212 μs
loss: 0.041108  [127488/162770]------- Avg batch time: 15175 μs
loss: 0.036784  [143360/162770]------- Avg batch time: 15325 μs
loss: 0.040374  [159232/162770]------- Avg batch time: 15319 μs
Avg Validation loss: 0.043707| Avg PSNR: 29.019116 dB | Avg SSIM: 0.910835

-------------------------------
Epoch [34/100], Avg epoch time 156.270204 sec 
-------------------------------
loss: 0.043905  [  512/162770]------- Avg batch time: 489 μs
loss: 0.035360  [16384/162770]------- Avg batch time: 15087 μs
loss: 0.043747  [32256/162770]------- Avg batch time: 15487 μs
loss: 0.037457  [48128/162770]------- Avg batch time: 14865 μs
loss: 0.040740  [64000/162770]------- Avg batch time: 15221 μs
loss: 0.035216  [79872/162770]------- Avg batch time: 14874 μs
loss: 0.050782  [95744/162770]------- Avg batch time: 15007 μs
loss: 0.035846  [111616/162770]------- Avg batch time: 15318 μs
loss: 0.038505  [127488/162770]------- Avg batch time: 15168 μs
loss: 0.045013  [143360/162770]------- Avg batch time: 15137 μs
loss: 0.038644  [159232/162770]------- Avg batch time: 14736 μs
Avg Validation loss: 0.037717| Avg PSNR: 29.690269 dB | Avg SSIM: 0.912675

-------------------------------
Epoch [35/100], Avg epoch time 157.036750 sec 
-------------------------------
loss: 0.037364  [  512/162770]------- Avg batch time: 496 μs
loss: 0.035516  [16384/162770]------- Avg batch time: 15116 μs
loss: 0.037926  [32256/162770]------- Avg batch time: 14826 μs
loss: 0.039556  [48128/162770]------- Avg batch time: 14885 μs
loss: 0.035975  [64000/162770]------- Avg batch time: 14725 μs
loss: 0.042796  [79872/162770]------- Avg batch time: 15166 μs
loss: 0.036707  [95744/162770]------- Avg batch time: 15176 μs
loss: 0.036449  [111616/162770]------- Avg batch time: 15127 μs
loss: 0.056221  [127488/162770]------- Avg batch time: 15318 μs
loss: 0.037087  [143360/162770]------- Avg batch time: 15624 μs
loss: 0.038972  [159232/162770]------- Avg batch time: 15327 μs
Avg Validation loss: 0.036327| Avg PSNR: 29.785483 dB | Avg SSIM: 0.912848

-------------------------------
Epoch [36/100], Avg epoch time 157.678467 sec 
-------------------------------
loss: 0.035597  [  512/162770]------- Avg batch time: 491 μs
loss: 0.036367  [16384/162770]------- Avg batch time: 15347 μs
loss: 0.035454  [32256/162770]------- Avg batch time: 15447 μs
loss: 0.044705  [48128/162770]------- Avg batch time: 15576 μs
loss: 0.041122  [64000/162770]------- Avg batch time: 15416 μs
loss: 0.038013  [79872/162770]------- Avg batch time: 15011 μs
loss: 0.038119  [95744/162770]------- Avg batch time: 15520 μs
loss: 0.034806  [111616/162770]------- Avg batch time: 15524 μs
loss: 0.037387  [127488/162770]------- Avg batch time: 14969 μs
loss: 0.036788  [143360/162770]------- Avg batch time: 15096 μs
loss: 0.041465  [159232/162770]------- Avg batch time: 15238 μs
Avg Validation loss: 0.040584| Avg PSNR: 29.347799 dB | Avg SSIM: 0.914296

-------------------------------
Epoch [37/100], Avg epoch time 158.236927 sec 
-------------------------------
loss: 0.039765  [  512/162770]------- Avg batch time: 496 μs
loss: 0.034550  [16384/162770]------- Avg batch time: 15443 μs
loss: 0.042424  [32256/162770]------- Avg batch time: 15341 μs
loss: 0.035542  [48128/162770]------- Avg batch time: 15134 μs
loss: 0.042830  [64000/162770]------- Avg batch time: 15274 μs
loss: 0.037615  [79872/162770]------- Avg batch time: 15472 μs
loss: 0.035052  [95744/162770]------- Avg batch time: 15302 μs
loss: 0.037482  [111616/162770]------- Avg batch time: 15045 μs
loss: 0.037913  [127488/162770]------- Avg batch time: 15296 μs
loss: 0.034712  [143360/162770]------- Avg batch time: 15442 μs
loss: 0.034112  [159232/162770]------- Avg batch time: 14807 μs
Avg Validation loss: 0.039942| Avg PSNR: 29.271863 dB | Avg SSIM: 0.907432

-------------------------------
Epoch [38/100], Avg epoch time 158.897642 sec 
-------------------------------
loss: 0.039898  [  512/162770]------- Avg batch time: 497 μs
loss: 0.036550  [16384/162770]------- Avg batch time: 15551 μs
loss: 0.033920  [32256/162770]------- Avg batch time: 15364 μs
loss: 0.035884  [48128/162770]------- Avg batch time: 15287 μs
loss: 0.034692  [64000/162770]------- Avg batch time: 15361 μs
loss: 0.038174  [79872/162770]------- Avg batch time: 15351 μs
loss: 0.034619  [95744/162770]------- Avg batch time: 15363 μs
loss: 0.034107  [111616/162770]------- Avg batch time: 15123 μs
loss: 0.038923  [127488/162770]------- Avg batch time: 15318 μs
loss: 0.036162  [143360/162770]------- Avg batch time: 15178 μs
loss: 0.034838  [159232/162770]------- Avg batch time: 15338 μs
Avg Validation loss: 0.034513| Avg PSNR: 29.962382 dB | Avg SSIM: 0.916105

-------------------------------
Epoch [39/100], Avg epoch time 159.997961 sec 
-------------------------------
loss: 0.033407  [  512/162770]------- Avg batch time: 493 μs
loss: 0.039182  [16384/162770]------- Avg batch time: 15547 μs
loss: 0.035384  [32256/162770]------- Avg batch time: 15034 μs
loss: 0.036374  [48128/162770]------- Avg batch time: 15092 μs
loss: 0.034188  [64000/162770]------- Avg batch time: 15279 μs
loss: 0.035018  [79872/162770]------- Avg batch time: 15403 μs
loss: 0.035532  [95744/162770]------- Avg batch time: 15152 μs
loss: 0.037005  [111616/162770]------- Avg batch time: 15273 μs
loss: 0.041232  [127488/162770]------- Avg batch time: 15320 μs
loss: 0.033680  [143360/162770]------- Avg batch time: 15536 μs
loss: 0.034975  [159232/162770]------- Avg batch time: 15225 μs
Avg Validation loss: 0.038209| Avg PSNR: 29.496011 dB | Avg SSIM: 0.908942

-------------------------------
Epoch [40/100], Avg epoch time 161.021836 sec 
-------------------------------
loss: 0.038267  [  512/162770]------- Avg batch time: 447 μs
loss: 0.037566  [16384/162770]------- Avg batch time: 15097 μs
loss: 0.034562  [32256/162770]------- Avg batch time: 15163 μs
loss: 0.039611  [48128/162770]------- Avg batch time: 15167 μs
loss: 0.033722  [64000/162770]------- Avg batch time: 14994 μs
loss: 0.036752  [79872/162770]------- Avg batch time: 14979 μs
loss: 0.035808  [95744/162770]------- Avg batch time: 15050 μs
loss: 0.040600  [111616/162770]------- Avg batch time: 15181 μs
loss: 0.033833  [127488/162770]------- Avg batch time: 15188 μs
loss: 0.041604  [143360/162770]------- Avg batch time: 15185 μs
loss: 0.044171  [159232/162770]------- Avg batch time: 15274 μs
Avg Validation loss: 0.035865| Avg PSNR: 29.780919 dB | Avg SSIM: 0.911946

-------------------------------
Epoch [41/100], Avg epoch time 161.836775 sec 
-------------------------------
loss: 0.034559  [  512/162770]------- Avg batch time: 484 μs
loss: 0.040063  [16384/162770]------- Avg batch time: 15388 μs
loss: 0.040677  [32256/162770]------- Avg batch time: 15039 μs
loss: 0.035361  [48128/162770]------- Avg batch time: 15274 μs
loss: 0.035580  [64000/162770]------- Avg batch time: 15204 μs
loss: 0.032690  [79872/162770]------- Avg batch time: 15285 μs
loss: 0.036631  [95744/162770]------- Avg batch time: 15154 μs
loss: 0.033226  [111616/162770]------- Avg batch time: 15254 μs
loss: 0.038725  [127488/162770]------- Avg batch time: 15207 μs
loss: 0.037670  [143360/162770]------- Avg batch time: 15095 μs
loss: 0.033581  [159232/162770]------- Avg batch time: 15094 μs
Avg Validation loss: 0.035174| Avg PSNR: 30.013444 dB | Avg SSIM: 0.919110

-------------------------------
Epoch [42/100], Avg epoch time 162.704456 sec 
-------------------------------
loss: 0.035053  [  512/162770]------- Avg batch time: 444 μs
loss: 0.034813  [16384/162770]------- Avg batch time: 14588 μs
loss: 0.035077  [32256/162770]------- Avg batch time: 15130 μs
loss: 0.042542  [48128/162770]------- Avg batch time: 15408 μs
loss: 0.033788  [64000/162770]------- Avg batch time: 15036 μs
loss: 0.034075  [79872/162770]------- Avg batch time: 15020 μs
loss: 0.033968  [95744/162770]------- Avg batch time: 15195 μs
loss: 0.041252  [111616/162770]------- Avg batch time: 15274 μs
loss: 0.052968  [127488/162770]------- Avg batch time: 15112 μs
loss: 0.036295  [143360/162770]------- Avg batch time: 15372 μs
loss: 0.034078  [159232/162770]------- Avg batch time: 15012 μs
Avg Validation loss: 0.034506| Avg PSNR: 29.939280 dB | Avg SSIM: 0.916053

-------------------------------
Epoch [43/100], Avg epoch time 163.704389 sec 
-------------------------------
loss: 0.034355  [  512/162770]------- Avg batch time: 445 μs
loss: 0.033081  [16384/162770]------- Avg batch time: 15012 μs
loss: 0.033776  [32256/162770]------- Avg batch time: 15027 μs
loss: 0.034629  [48128/162770]------- Avg batch time: 15201 μs
loss: 0.036487  [64000/162770]------- Avg batch time: 15270 μs
loss: 0.038414  [79872/162770]------- Avg batch time: 15081 μs
loss: 0.038540  [95744/162770]------- Avg batch time: 15090 μs
loss: 0.037197  [111616/162770]------- Avg batch time: 14928 μs
loss: 0.033588  [127488/162770]------- Avg batch time: 15188 μs
loss: 0.033318  [143360/162770]------- Avg batch time: 15179 μs
loss: 0.032937  [159232/162770]------- Avg batch time: 15188 μs
Avg Validation loss: 0.035108| Avg PSNR: 29.947669 dB | Avg SSIM: 0.918073

-------------------------------
Epoch [44/100], Avg epoch time 164.523399 sec 
-------------------------------
loss: 0.034413  [  512/162770]------- Avg batch time: 488 μs
loss: 0.032647  [16384/162770]------- Avg batch time: 15029 μs
loss: 0.033347  [32256/162770]------- Avg batch time: 15072 μs
loss: 0.034195  [48128/162770]------- Avg batch time: 15080 μs
loss: 0.041042  [64000/162770]------- Avg batch time: 15305 μs
loss: 0.034878  [79872/162770]------- Avg batch time: 15274 μs
loss: 0.034673  [95744/162770]------- Avg batch time: 14729 μs
loss: 0.032993  [111616/162770]------- Avg batch time: 15091 μs
loss: 0.040071  [127488/162770]------- Avg batch time: 14976 μs
loss: 0.038107  [143360/162770]------- Avg batch time: 14925 μs
loss: 0.033274  [159232/162770]------- Avg batch time: 15608 μs
Avg Validation loss: 0.035746| Avg PSNR: 29.873825 dB | Avg SSIM: 0.916132

-------------------------------
Epoch [45/100], Avg epoch time 165.613302 sec 
-------------------------------
loss: 0.034539  [  512/162770]------- Avg batch time: 488 μs
loss: 0.036589  [16384/162770]------- Avg batch time: 15401 μs
loss: 0.036905  [32256/162770]------- Avg batch time: 15075 μs
loss: 0.033133  [48128/162770]------- Avg batch time: 15106 μs
loss: 0.039948  [64000/162770]------- Avg batch time: 15079 μs
loss: 0.036706  [79872/162770]------- Avg batch time: 15018 μs
loss: 0.032246  [95744/162770]------- Avg batch time: 15156 μs
loss: 0.035514  [111616/162770]------- Avg batch time: 14313 μs
loss: 0.031269  [127488/162770]------- Avg batch time: 14959 μs
loss: 0.032867  [143360/162770]------- Avg batch time: 14966 μs
loss: 0.045328  [159232/162770]------- Avg batch time: 15077 μs
Avg Validation loss: 0.041419| Avg PSNR: 29.155343 dB | Avg SSIM: 0.902032

-------------------------------
Epoch [46/100], Avg epoch time 166.523844 sec 
-------------------------------
loss: 0.041667  [  512/162770]------- Avg batch time: 488 μs
loss: 0.033876  [16384/162770]------- Avg batch time: 15142 μs
loss: 0.033022  [32256/162770]------- Avg batch time: 15219 μs
loss: 0.035245  [48128/162770]------- Avg batch time: 15153 μs
loss: 0.033039  [64000/162770]------- Avg batch time: 15004 μs
loss: 0.042667  [79872/162770]------- Avg batch time: 15146 μs
loss: 0.035360  [95744/162770]------- Avg batch time: 14892 μs
loss: 0.033641  [111616/162770]------- Avg batch time: 14640 μs
loss: 0.031694  [127488/162770]------- Avg batch time: 14510 μs
loss: 0.035431  [143360/162770]------- Avg batch time: 14922 μs
loss: 0.033598  [159232/162770]------- Avg batch time: 14548 μs
Avg Validation loss: 0.038429| Avg PSNR: 29.778798 dB | Avg SSIM: 0.920405

-------------------------------
Epoch [47/100], Avg epoch time 167.338552 sec 
-------------------------------
loss: 0.038117  [  512/162770]------- Avg batch time: 482 μs
loss: 0.032415  [16384/162770]------- Avg batch time: 14469 μs
loss: 0.033266  [32256/162770]------- Avg batch time: 14478 μs
loss: 0.033521  [48128/162770]------- Avg batch time: 15224 μs
loss: 0.033718  [64000/162770]------- Avg batch time: 15262 μs
loss: 0.032129  [79872/162770]------- Avg batch time: 14997 μs
loss: 0.035195  [95744/162770]------- Avg batch time: 15226 μs
loss: 0.044340  [111616/162770]------- Avg batch time: 15196 μs
loss: 0.032671  [127488/162770]------- Avg batch time: 14964 μs
loss: 0.041515  [143360/162770]------- Avg batch time: 14962 μs
loss: 0.034277  [159232/162770]------- Avg batch time: 15090 μs
Avg Validation loss: 0.033124| Avg PSNR: 30.203720 dB | Avg SSIM: 0.919858

-------------------------------
Epoch [48/100], Avg epoch time 168.113251 sec 
-------------------------------
loss: 0.030853  [  512/162770]------- Avg batch time: 485 μs
loss: 0.033045  [16384/162770]------- Avg batch time: 14943 μs
loss: 0.032379  [32256/162770]------- Avg batch time: 15145 μs
loss: 0.031971  [48128/162770]------- Avg batch time: 15103 μs
loss: 0.033693  [64000/162770]------- Avg batch time: 15102 μs
loss: 0.033249  [79872/162770]------- Avg batch time: 15134 μs
loss: 0.032615  [95744/162770]------- Avg batch time: 14931 μs
loss: 0.031288  [111616/162770]------- Avg batch time: 15181 μs
loss: 0.032476  [127488/162770]------- Avg batch time: 15028 μs
loss: 0.032235  [143360/162770]------- Avg batch time: 14969 μs
loss: 0.037166  [159232/162770]------- Avg batch time: 15071 μs
Avg Validation loss: 0.041099| Avg PSNR: 29.200846 dB | Avg SSIM: 0.890109

-------------------------------
Epoch [49/100], Avg epoch time 168.540295 sec 
-------------------------------
loss: 0.041753  [  512/162770]------- Avg batch time: 484 μs
loss: 0.053861  [16384/162770]------- Avg batch time: 14827 μs
loss: 0.033693  [32256/162770]------- Avg batch time: 14901 μs
loss: 0.032039  [48128/162770]------- Avg batch time: 14886 μs
loss: 0.032539  [64000/162770]------- Avg batch time: 14873 μs
loss: 0.032604  [79872/162770]------- Avg batch time: 15289 μs
loss: 0.034956  [95744/162770]------- Avg batch time: 14921 μs
loss: 0.034011  [111616/162770]------- Avg batch time: 15074 μs
loss: 0.037637  [127488/162770]------- Avg batch time: 15121 μs
loss: 0.032429  [143360/162770]------- Avg batch time: 14924 μs
loss: 0.032640  [159232/162770]------- Avg batch time: 15115 μs
Avg Validation loss: 0.035308| Avg PSNR: 29.934982 dB | Avg SSIM: 0.918428

-------------------------------
Epoch [50/100], Avg epoch time 169.138739 sec 
-------------------------------
loss: 0.034837  [  512/162770]------- Avg batch time: 482 μs
loss: 0.031877  [16384/162770]------- Avg batch time: 14997 μs
loss: 0.030743  [32256/162770]------- Avg batch time: 14976 μs
loss: 0.032918  [48128/162770]------- Avg batch time: 14948 μs
loss: 0.031488  [64000/162770]------- Avg batch time: 14893 μs
loss: 0.036276  [79872/162770]------- Avg batch time: 14831 μs
loss: 0.030647  [95744/162770]------- Avg batch time: 15113 μs
loss: 0.038226  [111616/162770]------- Avg batch time: 15011 μs
loss: 0.032632  [127488/162770]------- Avg batch time: 15036 μs
loss: 0.032880  [143360/162770]------- Avg batch time: 15069 μs
loss: 0.043704  [159232/162770]------- Avg batch time: 15021 μs
Avg Validation loss: 0.036469| Avg PSNR: 29.793047 dB | Avg SSIM: 0.915441

-------------------------------
Epoch [51/100], Avg epoch time 169.392512 sec 
-------------------------------
loss: 0.035240  [  512/162770]------- Avg batch time: 484 μs
loss: 0.031634  [16384/162770]------- Avg batch time: 15011 μs
loss: 0.029998  [32256/162770]------- Avg batch time: 14908 μs
loss: 0.035396  [48128/162770]------- Avg batch time: 15213 μs
loss: 0.031960  [64000/162770]------- Avg batch time: 15179 μs
loss: 0.032368  [79872/162770]------- Avg batch time: 15268 μs
loss: 0.031311  [95744/162770]------- Avg batch time: 15517 μs
loss: 0.034781  [111616/162770]------- Avg batch time: 15752 μs
loss: 0.031789  [127488/162770]------- Avg batch time: 15304 μs
loss: 0.033022  [143360/162770]------- Avg batch time: 15620 μs
loss: 0.032479  [159232/162770]------- Avg batch time: 15425 μs
Avg Validation loss: 0.036488| Avg PSNR: 29.824445 dB | Avg SSIM: 0.919485

-------------------------------
Epoch [52/100], Avg epoch time 169.889486 sec 
-------------------------------
loss: 0.037393  [  512/162770]------- Avg batch time: 484 μs
loss: 0.032832  [16384/162770]------- Avg batch time: 15265 μs
loss: 0.032281  [32256/162770]------- Avg batch time: 15193 μs
loss: 0.033021  [48128/162770]------- Avg batch time: 15163 μs
loss: 0.032406  [64000/162770]------- Avg batch time: 14952 μs
loss: 0.034234  [79872/162770]------- Avg batch time: 15584 μs
loss: 0.032214  [95744/162770]------- Avg batch time: 15375 μs
loss: 0.034488  [111616/162770]------- Avg batch time: 14974 μs
loss: 0.031475  [127488/162770]------- Avg batch time: 14550 μs
loss: 0.031894  [143360/162770]------- Avg batch time: 14863 μs
loss: 0.034838  [159232/162770]------- Avg batch time: 14795 μs
Avg Validation loss: 0.033030| Avg PSNR: 30.227652 dB | Avg SSIM: 0.921146

-------------------------------
Epoch [53/100], Avg epoch time 170.071540 sec 
-------------------------------
loss: 0.032393  [  512/162770]------- Avg batch time: 442 μs
loss: 0.032957  [16384/162770]------- Avg batch time: 14698 μs
loss: 0.033539  [32256/162770]------- Avg batch time: 14453 μs
loss: 0.032093  [48128/162770]------- Avg batch time: 13848 μs
loss: 0.031665  [64000/162770]------- Avg batch time: 14129 μs
loss: 0.034236  [79872/162770]------- Avg batch time: 14348 μs
loss: 0.031087  [95744/162770]------- Avg batch time: 14074 μs
loss: 0.035757  [111616/162770]------- Avg batch time: 15286 μs
loss: 0.032014  [127488/162770]------- Avg batch time: 15182 μs
loss: 0.032339  [143360/162770]------- Avg batch time: 15598 μs
loss: 0.032051  [159232/162770]------- Avg batch time: 15187 μs
Avg Validation loss: 0.032604| Avg PSNR: 30.263730 dB | Avg SSIM: 0.923120

-------------------------------
Epoch [54/100], Avg epoch time 170.294318 sec 
-------------------------------
loss: 0.032551  [  512/162770]------- Avg batch time: 487 μs
loss: 0.034101  [16384/162770]------- Avg batch time: 15045 μs
loss: 0.031991  [32256/162770]------- Avg batch time: 15259 μs
loss: 0.031417  [48128/162770]------- Avg batch time: 15145 μs
loss: 0.031723  [64000/162770]------- Avg batch time: 15428 μs
loss: 0.031745  [79872/162770]------- Avg batch time: 15388 μs
loss: 0.032179  [95744/162770]------- Avg batch time: 15214 μs
loss: 0.038113  [111616/162770]------- Avg batch time: 15094 μs
loss: 0.032583  [127488/162770]------- Avg batch time: 15079 μs
loss: 0.031002  [143360/162770]------- Avg batch time: 15079 μs
loss: 0.032617  [159232/162770]------- Avg batch time: 14827 μs
Avg Validation loss: 0.032241| Avg PSNR: 30.405143 dB | Avg SSIM: 0.924153

-------------------------------
Epoch [55/100], Avg epoch time 170.497702 sec 
-------------------------------
loss: 0.031760  [  512/162770]------- Avg batch time: 485 μs
loss: 0.032279  [16384/162770]------- Avg batch time: 15381 μs
loss: 0.031769  [32256/162770]------- Avg batch time: 15038 μs
loss: 0.031848  [48128/162770]------- Avg batch time: 15154 μs
loss: 0.029869  [64000/162770]------- Avg batch time: 15162 μs
loss: 0.032798  [79872/162770]------- Avg batch time: 15273 μs
loss: 0.032977  [95744/162770]------- Avg batch time: 14998 μs
loss: 0.034359  [111616/162770]------- Avg batch time: 15224 μs
loss: 0.041914  [127488/162770]------- Avg batch time: 15225 μs
loss: 0.031119  [143360/162770]------- Avg batch time: 15229 μs
loss: 0.030395  [159232/162770]------- Avg batch time: 15297 μs
Avg Validation loss: 0.030461| Avg PSNR: 30.547419 dB | Avg SSIM: 0.926562

-------------------------------
Epoch [56/100], Avg epoch time 170.748722 sec 
-------------------------------
loss: 0.030296  [  512/162770]------- Avg batch time: 487 μs
loss: 0.033206  [16384/162770]------- Avg batch time: 15059 μs
loss: 0.031791  [32256/162770]------- Avg batch time: 15257 μs
loss: 0.030501  [48128/162770]------- Avg batch time: 15168 μs
loss: 0.030968  [64000/162770]------- Avg batch time: 14551 μs
loss: 0.034821  [79872/162770]------- Avg batch time: 14728 μs
loss: 0.029072  [95744/162770]------- Avg batch time: 15163 μs
loss: 0.030935  [111616/162770]------- Avg batch time: 15211 μs
loss: 0.030795  [127488/162770]------- Avg batch time: 14883 μs
loss: 0.032923  [143360/162770]------- Avg batch time: 15118 μs
loss: 0.031431  [159232/162770]------- Avg batch time: 15322 μs
Avg Validation loss: 0.030995| Avg PSNR: 30.481679 dB | Avg SSIM: 0.925123

-------------------------------
Epoch [57/100], Avg epoch time 170.859657 sec 
-------------------------------
loss: 0.029517  [  512/162770]------- Avg batch time: 487 μs
loss: 0.043547  [16384/162770]------- Avg batch time: 14827 μs
loss: 0.030004  [32256/162770]------- Avg batch time: 15295 μs
loss: 0.029607  [48128/162770]------- Avg batch time: 15096 μs
loss: 0.033714  [64000/162770]------- Avg batch time: 14872 μs
loss: 0.030296  [79872/162770]------- Avg batch time: 15033 μs
loss: 0.047413  [95744/162770]------- Avg batch time: 14758 μs
loss: 0.031247  [111616/162770]------- Avg batch time: 13715 μs
loss: 0.030237  [127488/162770]------- Avg batch time: 14282 μs
loss: 0.030864  [143360/162770]------- Avg batch time: 14984 μs
loss: 0.030930  [159232/162770]------- Avg batch time: 14899 μs
Avg Validation loss: 0.029861| Avg PSNR: 30.690817 dB | Avg SSIM: 0.928164

-------------------------------
Epoch [58/100], Avg epoch time 171.015006 sec 
-------------------------------
loss: 0.029542  [  512/162770]------- Avg batch time: 483 μs
loss: 0.029117  [16384/162770]------- Avg batch time: 15015 μs
loss: 0.030259  [32256/162770]------- Avg batch time: 14989 μs
loss: 0.031311  [48128/162770]------- Avg batch time: 15195 μs
loss: 0.030368  [64000/162770]------- Avg batch time: 14959 μs
loss: 0.033823  [79872/162770]------- Avg batch time: 14894 μs
loss: 0.029951  [95744/162770]------- Avg batch time: 14954 μs
loss: 0.032521  [111616/162770]------- Avg batch time: 14848 μs
loss: 0.032029  [127488/162770]------- Avg batch time: 15080 μs
loss: 0.031242  [143360/162770]------- Avg batch time: 14990 μs
loss: 0.031428  [159232/162770]------- Avg batch time: 15474 μs
Avg Validation loss: 0.030609| Avg PSNR: 30.577086 dB | Avg SSIM: 0.925890

-------------------------------
Epoch [59/100], Avg epoch time 171.058365 sec 
-------------------------------
loss: 0.029513  [  512/162770]------- Avg batch time: 487 μs
loss: 0.030541  [16384/162770]------- Avg batch time: 15320 μs
loss: 0.031492  [32256/162770]------- Avg batch time: 15220 μs
loss: 0.031804  [48128/162770]------- Avg batch time: 15122 μs
loss: 0.031332  [64000/162770]------- Avg batch time: 15024 μs
loss: 0.030004  [79872/162770]------- Avg batch time: 15263 μs
loss: 0.030805  [95744/162770]------- Avg batch time: 15287 μs
loss: 0.036569  [111616/162770]------- Avg batch time: 15406 μs
loss: 0.029816  [127488/162770]------- Avg batch time: 15369 μs
loss: 0.030052  [143360/162770]------- Avg batch time: 15387 μs
loss: 0.030425  [159232/162770]------- Avg batch time: 15286 μs
Avg Validation loss: 0.031913| Avg PSNR: 30.133639 dB | Avg SSIM: 0.918160

-------------------------------
Epoch [60/100], Avg epoch time 171.118268 sec 
-------------------------------
loss: 0.030646  [  512/162770]------- Avg batch time: 484 μs
loss: 0.030772  [16384/162770]------- Avg batch time: 14882 μs
loss: 0.031837  [32256/162770]------- Avg batch time: 14960 μs
loss: 0.029646  [48128/162770]------- Avg batch time: 15209 μs
loss: 0.031553  [64000/162770]------- Avg batch time: 15345 μs
loss: 0.030137  [79872/162770]------- Avg batch time: 15211 μs
loss: 0.030559  [95744/162770]------- Avg batch time: 15104 μs
loss: 0.030672  [111616/162770]------- Avg batch time: 15101 μs
loss: 0.028669  [127488/162770]------- Avg batch time: 15034 μs
loss: 0.029652  [143360/162770]------- Avg batch time: 15137 μs
loss: 0.030218  [159232/162770]------- Avg batch time: 15252 μs
Avg Validation loss: 0.030412| Avg PSNR: 30.544496 dB | Avg SSIM: 0.926503

-------------------------------
Epoch [61/100], Avg epoch time 171.075076 sec 
-------------------------------
loss: 0.030824  [  512/162770]------- Avg batch time: 448 μs
loss: 0.030280  [16384/162770]------- Avg batch time: 15045 μs
loss: 0.041202  [32256/162770]------- Avg batch time: 15190 μs
loss: 0.029986  [48128/162770]------- Avg batch time: 15331 μs
loss: 0.029176  [64000/162770]------- Avg batch time: 15334 μs
loss: 0.031240  [79872/162770]------- Avg batch time: 15295 μs
loss: 0.029797  [95744/162770]------- Avg batch time: 15474 μs
loss: 0.031341  [111616/162770]------- Avg batch time: 15506 μs
loss: 0.029897  [127488/162770]------- Avg batch time: 15158 μs
loss: 0.030200  [143360/162770]------- Avg batch time: 15552 μs