INFO:    Setting 'NVIDIA_VISIBLE_DEVICES=all' to emulate legacy GPU binding.
INFO:    Setting --writable-tmpfs (required by nvidia-container-cli)
wandb: No netrc file found, creating one.
wandb: Appending key for api.wandb.ai to your netrc file: /root/.netrc
wandb: Currently logged in as: porat-hai (porat-hai-technion-israel-institute-of-technology) to https://api.wandb.ai. Use `wandb login --relogin` to force relogin
wandb: setting up run uyqbm2mm
wandb: Tracking run with wandb version 0.23.1
wandb: Run data is saved locally in /rg/shocher_prj/porat.hai/SR_IGN_Project/wandb/run-20260416_003006-uyqbm2mm
wandb: Run `wandb offline` to turn off syncing.
wandb: Syncing run CrossEval_StrideConv_CelebA_CelebA
wandb: ⭐️ View project at https://wandb.ai/porat-hai-technion-israel-institute-of-technology/Super%20Resolution%20Using%20an%20Idempotent%20Neural%20Network
wandb: 🚀 View run at https://wandb.ai/porat-hai-technion-israel-institute-of-technology/Super%20Resolution%20Using%20an%20Idempotent%20Neural%20Network/runs/uyqbm2mm
wandb: \ 1 of 2 files downloaded...wandb:   2 of 2 files downloaded.  
Traceback (most recent call last):
  File "/rg/shocher_prj/porat.hai/SR_IGN_Project/main.py", line 46, in <module>
    main(args)
  File "/rg/shocher_prj/porat.hai/SR_IGN_Project/main.py", line 26, in main
    main_cross_evaluation(trained_artifact_name, data_cross_eval_config_path)
  File "/rg/shocher_prj/porat.hai/SR_IGN_Project/main_scripts/main_cross_evaluation.py", line 82, in main_cross_evaluation
    _, test_loader, _ = build_dataloaders(batch_size, **data_config)
                        ^^^^^^^^^^^^^^^^^^^^^^^^^^^^^^^^^^^^^^^^^^^^
  File "/rg/shocher_prj/porat.hai/SR_IGN_Project/dataset_classes/dataloader_builders.py", line 44, in build_dataloaders
    image_size = data_config["img_size"],
                 ~~~~~~~~~~~^^^^^^^^^^^^
KeyError: 'img_size'
