================================================================
Timestamp            : Fri Nov 14 08:00:55 UTC 2025
Host                 : athena-post
SLURM Job ID         : 24149
Apptainer Container  : /usr/local/apptainer/images/pytorch/latest/torch2.7-tf2.20-cu128.sif
Container Mounts     : 
GPU(s) Allocated     : 0
================================================================

--- Verifying GPU Accessibility Inside Container ---
Fri Nov 14 08:00:55 2025       
+-----------------------------------------------------------------------------------------+
| NVIDIA-SMI 570.124.06             Driver Version: 570.124.06     CUDA Version: 12.8     |
|-----------------------------------------+------------------------+----------------------+
| GPU  Name                 Persistence-M | Bus-Id          Disp.A | Volatile Uncorr. ECC |
| Fan  Temp   Perf          Pwr:Usage/Cap |           Memory-Usage | GPU-Util  Compute M. |
|                                         |                        |               MIG M. |
|=========================================+========================+======================|
|   0  NVIDIA L40S                    On  |   00000000:E5:00.0 Off |                    0 |
| N/A   34C    P0             62W /  350W |       1MiB /  46068MiB |      0%   E. Process |
|                                         |                        |                  N/A |
+-----------------------------------------+------------------------+----------------------+
                                                                                         
+-----------------------------------------------------------------------------------------+
| Processes:                                                                              |
|  GPU   GI   CI              PID   Type   Process name                        GPU Memory |
|        ID   ID                                                               Usage      |
|=========================================================================================|
|  No running processes found                                                             |
+-----------------------------------------------------------------------------------------+

Filesystem                                                                     Size  Used Avail Use% Mounted on
fuse-overlayfs                                                                 1.2T   40K  1.2T   1% /
devtmpfs                                                                       4.0M     0  4.0M   0% /dev
tmpfs                                                                          1.2T  184M  1.2T   1% /dev/shm
/dev/md126                                                                     893G   94G  799G  11% /etc/hosts
/dev/md0p1                                                                     7.0T  115G  6.9T   2% /scratch
tmpfs                                                                          454G  3.1M  454G   1% /run/munge/munge.socket.2
efivarfs                                                                       128K   51K   73K  42% /sys/firmware/efi/efivars
tmpfs                                                                          1.2T   40K  1.2T   1% /.singularity.d/libs
hpc-nfs2:/athena/rlocal/cuda-12.8/targets/x86_64-linux/lib/libOpenCL.so.1.0.0  1.0T  161G  864G  16% /.singularity.d/libs/libOpenCL.so
hpc-nfs2:/rg/shocher_prj/porat.hai/SR_IGN_Project                              2.0T  272M  2.0T   1% /rg/shocher_prj/porat.hai/SR_IGN_Project
tmpfs                                                                          1.2T   12K  1.2T   1% /proc/driver/nvidia
--- Launching Primary Command ---
Changing directory to project folder...
Current directory: /rg/shocher_prj/porat.hai/SR_IGN_Project
Listing files: README.md
SRdata
__pycache__
constants.py
data
evaluation.py
example.sbatch
helpers.py
list_packages.py
losses.py
main.py
model_weights.pth
models
run.sh
slurm-24147.err
slurm-24147.out
slurm-24149.err
slurm-24149.out
train.py
utils
Starting python script...
--- Listing All Installed Packages ---
- absl-py==2.3.1
- accelerate==1.11.0
- adjusttext==1.3.0
- aiohappyeyeballs==2.6.1
- aiohttp==3.13.2
- aiosignal==1.4.0
- alembic==1.17.1
- altair==5.5.0
- annotated-types==0.7.0
- antlr4-python3-runtime==4.9.3
- anyio==4.11.0
- argon2-cffi-bindings==25.1.0
- argon2-cffi==25.1.0
- arrow==1.4.0
- astroid==3.3.11
- astropy-iers-data==0.2025.11.3.0.38.37
- astropy==7.1.1
- asttokens==3.0.0
- astunparse==1.6.3
- async-lru==2.0.5
- attrs==25.4.0
- autograd-gamma==0.5.0
- autograd==1.8.0
- autopep8==2.0.4
- babel==2.17.0
- beautifulsoup4==4.14.2
- black==25.9.0
- bleach==6.3.0
- bokeh==3.8.1
- certifi==2025.10.5
- cffi==2.0.0
- charset-normalizer==3.4.4
- click==8.3.0
- cloudpickle==3.1.2
- colorcet==3.1.0
- colorlog==6.10.1
- comm==0.2.3
- contourpy==1.3.3
- cvxopt==1.3.2
- cycler==0.12.1
- dask==2025.11.0
- datashader==0.18.2
- debugpy==1.8.17
- decorator==5.2.1
- defusedxml==0.7.1
- dill==0.4.0
- dm-tree==0.1.9
- docstring-to-markdown==0.17
- einops==0.8.1
- executing==2.2.1
- fastjsonschema==2.21.2
- filelock==3.19.1
- flake8==7.1.2
- flatbuffers==25.9.23
- fonttools==4.60.1
- formulaic==1.2.1
- fqdn==1.5.1
- frozenlist==1.8.0
- fsspec==2025.9.0
- gast==0.6.0
- geomstats==2.8.0
- gitdb==4.0.12
- gitpython==3.1.45
- google-pasta==0.2.0
- graphviz==0.21
- greenlet==3.2.4
- grpcio==1.76.0
- h11==0.16.0
- h5py==3.15.1
- healpy==1.18.1
- hf-xet==1.2.0
- holoviews==1.21.0
- httpcore==1.0.9
- httpx==0.28.1
- huggingface-hub==0.36.0
- idna==3.11
- imageio==2.37.2
- importlib-metadata==8.7.0
- interface-meta==1.3.0
- ipykernel==7.1.0
- ipython-pygments-lexers==1.1.1
- ipython==9.7.0
- ipywidgets==8.1.8
- isoduration==20.11.0
- isort==6.1.0
- jedi==0.19.2
- jinja2==3.1.6
- joblib==1.5.2
- json5==0.12.1
- jsonpointer==3.0.0
- jsonschema-specifications==2025.9.1
- jsonschema==4.25.1
- jupyter-client==8.6.3
- jupyter-console==6.6.3
- jupyter-core==5.9.1
- jupyter-events==0.12.0
- jupyter-lsp==2.3.0
- jupyter-server-proxy==4.4.0
- jupyter-server-terminals==0.5.3
- jupyter-server==2.17.0
- jupyter==1.1.1
- jupyterlab-lsp==5.2.0
- jupyterlab-nvdashboard==0.13.0
- jupyterlab-pygments==0.3.0
- jupyterlab-server==2.28.0
- jupyterlab-widgets==3.0.16
- jupyterlab==4.4.10
- keras==3.12.0
- kiwisolver==1.4.9
- lark==1.3.1
- lazy-loader==0.4
- libclang==18.1.1
- lifelines==0.30.0
- linkify-it-py==2.0.3
- llvmlite==0.45.1
- locket==1.0.0
- mako==1.3.10
- markdown-it-py==4.0.0
- markdown==3.10
- markupsafe==2.1.5
- matplotlib-inline==0.2.1
- matplotlib-venn==1.1.2
- matplotlib==3.10.7
- mccabe==0.7.0
- mdit-py-plugins==0.5.0
- mdurl==0.1.2
- mistune==3.1.4
- ml-dtypes==0.5.3
- mpmath==1.3.0
- multidict==6.7.0
- multipledispatch==1.0.0
- mypy-extensions==1.1.0
- namex==0.1.0
- narwhals==2.10.2
- nbclient==0.10.2
- nbconvert==7.16.6
- nbformat==5.10.4
- nest-asyncio==1.6.0
- networkx==3.5
- notebook-shim==0.2.4
- notebook==7.4.7
- numba==0.62.1
- numpy==2.3.3
- nvidia-cublas-cu12==12.8.3.14
- nvidia-cuda-cupti-cu12==12.8.57
- nvidia-cuda-nvcc-cu12==12.9.86
- nvidia-cuda-nvrtc-cu12==12.8.61
- nvidia-cuda-runtime-cu12==12.8.57
- nvidia-cudnn-cu12==9.7.1.26
- nvidia-cufft-cu12==11.3.3.41
- nvidia-cufile-cu12==1.13.0.11
- nvidia-curand-cu12==10.3.9.55
- nvidia-cusolver-cu12==11.7.2.55
- nvidia-cusparse-cu12==12.5.7.53
- nvidia-cusparselt-cu12==0.6.3
- nvidia-ml-py==12.575.51
- nvidia-nccl-cu12==2.26.2
- nvidia-nvjitlink-cu12==12.8.61
- nvidia-nvtx-cu12==12.8.55
- omegaconf==2.3.0
- opt-einsum==3.4.0
- optree==0.17.0
- optuna==4.5.0
- packaging==25.0
- pandas==2.3.3
- pandocfilters==1.5.1
- panel==1.8.2
- param==2.2.1
- parso==0.8.5
- partd==1.4.2
- pathspec==0.12.1
- patsy==1.0.2
- pexpect==4.9.0
- pillow==11.3.0
- pip==23.2.1
- platformdirs==4.5.0
- plotly==6.4.0
- pluggy==1.6.0
- pot==0.9.6.post1
- prometheus-client==0.23.1
- prompt-toolkit==3.0.52
- propcache==0.4.1
- protobuf==6.33.0
- psutil==7.1.3
- ptyprocess==0.7.0
- pure-eval==0.2.3
- pyarrow==22.0.0
- pycodestyle==2.12.1
- pycparser==2.23
- pyct==0.6.0
- pydantic-core==2.41.5
- pydantic==2.12.4
- pydocstyle==6.3.0
- pyerfa==2.0.1.5
- pyflakes==3.2.0
- pyg-lib==0.5.0+pt27cu128
- pygments==2.19.2
- pylint==3.3.9
- pynndescent==0.5.13
- pynvml==12.0.0
- pyparsing==3.2.5
- pyriemann==0.9
- python-dateutil==2.9.0.post0
- python-json-logger==4.0.0
- python-lsp-jsonrpc==1.1.2
- python-lsp-server==1.13.1
- pytokens==0.3.0
- pytoolconfig==1.3.1
- pytz==2025.2
- pyviz-comms==3.0.6
- pyyaml==6.0.3
- pyzmq==27.1.0
- referencing==0.37.0
- regex==2025.11.3
- requests==2.32.5
- rfc3339-validator==0.1.4
- rfc3986-validator==0.1.1
- rfc3987-syntax==1.1.0
- rich==14.2.0
- rope==1.14.0
- rpds-py==0.28.0
- safetensors==0.6.2
- scikit-image==0.25.2
- scikit-learn==1.7.2
- scipy==1.16.3
- seaborn==0.13.2
- send2trash==1.8.3
- sentry-sdk==2.43.0
- setuptools==68.2.2
- shapely==2.1.2
- simpervisor==1.0.0
- six==1.17.0
- smmap==5.0.2
- sniffio==1.3.1
- snowballstemmer==3.0.1
- soupsieve==2.8
- sqlalchemy==2.0.44
- stack-data==0.6.3
- statsmodels==0.14.5
- sympy==1.14.0
- tbb==2022.3.0
- tcmlib==1.4.1
- tensorboard-data-server==0.7.2
- tensorboard==2.20.0
- tensorflow-probability==0.25.0
- tensorflow==2.20.0
- termcolor==3.2.0
- terminado==0.18.1
- threadpoolctl==3.6.0
- tifffile==2025.10.16
- tinycss2==1.4.0
- tokenize-rt==6.2.0
- tokenizers==0.22.1
- tomlkit==0.13.3
- toolz==1.1.0
- torch-cluster==1.6.3+pt27cu128
- torch-scatter==2.1.2+pt27cu128
- torch-sparse==0.6.18+pt27cu128
- torch-spline-conv==1.2.2+pt27cu128
- torch==2.7.0+cu128
- torchinfo==1.8.0
- torchview==0.2.7
- torchvision==0.22.0+cu128
- tornado==6.5.2
- tqdm==4.67.1
- traitlets==5.14.3
- transformers==4.57.1
- triton==3.3.0
- typing-extensions==4.15.0
- typing-inspection==0.4.2
- tzdata==2025.2
- uc-micro-py==1.0.3
- ujson==5.11.0
- umap-learn==0.5.9.post2
- uri-template==1.3.0
- urllib3==2.5.0
- wandb==0.22.3
- wcwidth==0.2.14
- webcolors==25.10.0
- webencodings==0.5.1
- websocket-client==1.9.0
- werkzeug==3.1.3
- whatthepatch==1.0.7
- wheel==0.41.2
- widgetsnbextension==4.0.15
- wrapt==2.0.1
- xarray==2025.10.1
- xyzservices==2025.10.0
- yapf==0.43.0
- yarl==1.22.0
- zipp==3.23.0
Mission Complete.
