INFO:    Setting 'NVIDIA_VISIBLE_DEVICES=all' to emulate legacy GPU binding.
INFO:    Setting --writable-tmpfs (required by nvidia-container-cli)
wandb: No netrc file found, creating one.
wandb: Appending key for api.wandb.ai to your netrc file: /root/.netrc
wandb: Currently logged in as: porat-hai (porat-hai-technion-israel-institute-of-technology) to https://api.wandb.ai. Use `wandb login --relogin` to force relogin
wandb: setting up run 431kwezt
wandb: Tracking run with wandb version 0.22.3
wandb: Run data is saved locally in /rg/shocher_prj/porat.hai/SR_IGN_Project/wandb/run-20251127_200939-431kwezt
wandb: Run `wandb offline` to turn off syncing.
wandb: Syncing run polished-darkness-40
wandb: ⭐️ View project at https://wandb.ai/porat-hai-technion-israel-institute-of-technology/Super%20Resolution%20Using%20an%20Idempotent%20Neural%20Network
wandb: 🚀 View run at https://wandb.ai/porat-hai-technion-israel-institute-of-technology/Super%20Resolution%20Using%20an%20Idempotent%20Neural%20Network/runs/431kwezt
Clipping input data to the valid range for imshow with RGB data ([0..1] for floats or [0..255] for integers). Got range [0.0..1.1442068].
wandb: updating run metadata
wandb: uploading media/images/SR_1_f890754f2c6430db6b2a.png; uploading media/images/SR_1_6c67462f21222f04edc3.png; uploading media/images/HR_1_d9c89fac968aa7d36d1c.png; uploading media/images/LR_1_2dcdc3ecdc8df08a26c6.png; uploading media/images/LR_1_387592c5a4e6e98f923f.png (+ 12 more)
wandb: uploading history steps 1-1, summary
wandb: 
wandb: Run history:
wandb:            epoch ▁
wandb:     test/SR_loss ▁
wandb:   test/idem_loss ▁
wandb:    test/rec_loss ▁
wandb:  test/tight_loss ▁
wandb:  test/total_loss ▁
wandb:    train/SR_loss ▁
wandb:  train/idem_loss ▁
wandb:   train/rec_loss ▁
wandb: train/tight_loss ▁
wandb:               +1 ...
wandb: 
wandb: Run summary:
wandb:            epoch 1
wandb:     test/SR_loss 0.01015
wandb:   test/idem_loss 0.00042
wandb:    test/rec_loss 0.01017
wandb:  test/tight_loss -0.00014
wandb:  test/total_loss 0.30843
wandb:    train/SR_loss 0.05366
wandb:  train/idem_loss 0.00125
wandb:   train/rec_loss 0.05367
wandb: train/tight_loss -0.00042
wandb:               +1 ...
wandb: 
wandb: 🚀 View run polished-darkness-40 at: https://wandb.ai/porat-hai-technion-israel-institute-of-technology/Super%20Resolution%20Using%20an%20Idempotent%20Neural%20Network/runs/431kwezt
wandb: ⭐️ View project at: https://wandb.ai/porat-hai-technion-israel-institute-of-technology/Super%20Resolution%20Using%20an%20Idempotent%20Neural%20Network
wandb: Synced 5 W&B file(s), 15 media file(s), 0 artifact file(s) and 0 other file(s)
wandb: Find logs at: ./wandb/run-20251127_200939-431kwezt/logs
